2025-11-11 02:04:43,050 [INFO] \u2705 Model & vectorizer loaded successfully.
2025-11-11 02:04:43,313 [INFO] \U0001f680 Starting fetch cycle...
2025-11-11 02:04:43,313 [INFO] \U0001f310 Fetching from GNews.io...
2025-11-11 02:04:43,327 [INFO] \U0001f680 Starting fetch cycle...
2025-11-11 02:04:43,327 [INFO] \U0001f310 Fetching from GNews.io...
2025-11-11 02:04:44,692 [INFO] \u26a0\ufe0f Duplicate skipped (in DB): Man Kills Wife In 'Drishyam Style'; Hides Body, Ashes Inside Iron Box. In a shoc
2025-11-11 02:04:44,695 [INFO] \u26a0\ufe0f Duplicate skipped (in DB): Man Kills Wife In 'Drishyam Style'; Hides Body, Ashes Inside Iron Box. In a shoc
2025-11-11 02:04:44,753 [INFO] \u26a0\ufe0f Duplicate skipped (in DB): Maharashtra: Minor Girl Assaulted in Nanded While Returning From Tuition, Local 
2025-11-11 02:04:44,803 [INFO] \u26a0\ufe0f Duplicate skipped (in DB): Sangli: Man Kills Lover Over Money Issue, Dumps Body in River; Police Launch Pro
2025-11-11 02:04:44,885 [INFO] \u26a0\ufe0f Duplicate skipped (in DB): Maharashtra Minister Vows Action on Pune Crime Spike. Maharashtra Minister Chand
2025-11-11 02:04:44,885 [INFO] \u26a0\ufe0f Duplicate skipped (in DB): Maharashtra Minister Vows Action on Pune Crime Spike. Maharashtra Minister Chand
2025-11-11 02:04:44,947 [INFO] \u26a0\ufe0f Duplicate skipped (in DB): Pune Crime: Two Self-Proclaimed Journalists Booked For Abusing Woman Constable O
2025-11-11 02:04:44,998 [INFO] \u26a0\ufe0f Duplicate skipped (in DB): 'Felt it was something special': Rajesh Tailang recalls first screening of Delhi
2025-11-11 02:04:45,053 [INFO] \u26a0\ufe0f Duplicate skipped (in DB): Shefali Shah calls 'Delhi Crime' a 'respectful show', Rasika Duggal expresses 'p
2025-11-11 02:04:45,053 [INFO] \u26a0\ufe0f Duplicate skipped (in DB): Shefali Shah calls 'Delhi Crime' a 'respectful show', Rasika Duggal expresses 'p
2025-11-11 02:04:45,105 [INFO] \u26a0\ufe0f Duplicate skipped (in DB): Maharashtra Hindi Update Mumbai Nagpur Pune Education Politics Crime And Other N
2025-11-11 02:04:45,105 [INFO] \u26a0\ufe0f Duplicate skipped (in DB): Maharashtra Hindi Update Mumbai Nagpur Pune Education Politics Crime And Other N
2025-11-11 02:04:45,106 [INFO] \U0001f4f0 Fetching from NewsAPI.org...
2025-11-11 02:04:45,106 [INFO] \U0001f4f0 Fetching from NewsAPI.org...
2025-11-11 02:04:45,721 [INFO] \u26a0\ufe0f Duplicate skipped (in DB): History-sheeter who conned over 100 people by posing as cop arrested at plush re
2025-11-11 02:04:45,775 [INFO] \u26a0\ufe0f Duplicate skipped (in DB): Day after purifying namaz ‘spot’ in Pune’s Shaniwadwada, clamour grows for BJP M
2025-11-11 02:04:45,821 [INFO] \u26a0\ufe0f Duplicate skipped (in DB): 'Yellow storm': OBCs to protest Maharashtra quota. India News: NAGPUR: Thousands
2025-11-11 02:04:45,822 [INFO] \u23ed\ufe0f Skipped recently seen news: Maha man held for cyber fraud in digital arrest case. Panaji: The cyber crime po
2025-11-11 02:04:45,822 [INFO] \u23ed\ufe0f Skipped recently seen news: Panaji senior citizen falls prey to Rs 5 crore investment fraud, Maharashtra man
2025-11-11 02:04:45,871 [INFO] \u26a0\ufe0f Duplicate skipped (in DB): Mumbai: Special MCOCA court acquits four accused in decade old chain snatching c
2025-11-11 02:04:45,924 [INFO] \u26a0\ufe0f Duplicate skipped (in DB): 1st in Thane: MCOCA on 17 in interstate drugs case. Kalyan: Thane police have in
2025-11-11 02:04:45,942 [INFO] \u26a0\ufe0f Duplicate skipped (in DB): History-sheeter who conned over 100 people by posing as cop arrested at plush re
2025-11-11 02:04:45,974 [INFO] \u26a0\ufe0f Duplicate skipped (in DB): Maha saw 1 crime against children case every 23 mins in ’23: NCRB report. Mumbai
2025-11-11 02:04:45,991 [INFO] \u26a0\ufe0f Duplicate skipped (in DB): Day after purifying namaz ‘spot’ in Pune’s Shaniwadwada, clamour grows for BJP M
2025-11-11 02:04:46,057 [INFO] \u26a0\ufe0f Duplicate skipped (in DB): 26/11 handler who taught terrorists Hindi: Abu Jundal's trial to resume after Bo
2025-11-11 02:04:46,059 [INFO] \u23ed\ufe0f Skipped recently seen news: Maha man held for cyber fraud in digital arrest case. Panaji: The cyber crime po
2025-11-11 02:04:46,059 [INFO] \u23ed\ufe0f Skipped recently seen news: Panaji senior citizen falls prey to Rs 5 crore investment fraud, Maharashtra man
2025-11-11 02:04:46,113 [INFO] \u26a0\ufe0f Duplicate skipped (in DB): Mumbai businessman loses Rs 58 crore in 'digital arrest' fraud. A 72-year-old Mu
2025-11-11 02:04:46,117 [INFO] \u26a0\ufe0f Duplicate skipped (in DB): Mumbai: Special MCOCA court acquits four accused in decade old chain snatching c
2025-11-11 02:04:46,164 [INFO] \u26a0\ufe0f Duplicate skipped (in DB): Techie named by woman doctor in suicide note held from Pune, sent to 4-day polic
2025-11-11 02:04:46,179 [INFO] \u26a0\ufe0f Duplicate skipped (in DB): 1st in Thane: MCOCA on 17 in interstate drugs case. Kalyan: Thane police have in
2025-11-11 02:04:46,213 [INFO] \u26a0\ufe0f Duplicate skipped (in DB): Rs 58 crore digital arrest: Mumbai court rejects claims that bank accounts used 
2025-11-11 02:04:46,226 [INFO] \u26a0\ufe0f Duplicate skipped (in DB): Maha saw 1 crime against children case every 23 mins in ’23: NCRB report. Mumbai
2025-11-11 02:04:46,270 [INFO] \u26a0\ufe0f Duplicate skipped (in DB): Another policeman attacked in Pune; NCP (SP) MLA Rohit Pawar slams Maharashtra G
2025-11-11 02:04:46,273 [INFO] \u26a0\ufe0f Duplicate skipped (in DB): 26/11 handler who taught terrorists Hindi: Abu Jundal's trial to resume after Bo
2025-11-11 02:04:46,319 [INFO] \u26a0\ufe0f Duplicate skipped (in DB): Pansare murder case | ‘Behind bars for 6-7 yrs, trial may take time to end’: HC 
2025-11-11 02:04:46,321 [INFO] \u26a0\ufe0f Duplicate skipped (in DB): Mumbai businessman loses Rs 58 crore in 'digital arrest' fraud. A 72-year-old Mu
2025-11-11 02:04:46,373 [INFO] \u26a0\ufe0f Duplicate skipped (in DB): Gangster Rupesh Marne arrested in Pune IT engineer attack case. Rupesh Marne, wh
2025-11-11 02:04:46,373 [INFO] \u26a0\ufe0f Duplicate skipped (in DB): Techie named by woman doctor in suicide note held from Pune, sent to 4-day polic
2025-11-11 02:04:46,437 [INFO] \u26a0\ufe0f Duplicate skipped (in DB): Rs 58 crore digital arrest: Mumbai court rejects claims that bank accounts used 
2025-11-11 02:04:46,438 [INFO] \U0001f50e Fetching from Google RSS...
2025-11-11 02:04:46,492 [INFO] \u26a0\ufe0f Duplicate skipped (in DB): Another policeman attacked in Pune; NCP (SP) MLA Rohit Pawar slams Maharashtra G
2025-11-11 02:04:46,550 [INFO] \u26a0\ufe0f Duplicate skipped (in DB): Pansare murder case | ‘Behind bars for 6-7 yrs, trial may take time to end’: HC 
2025-11-11 02:04:46,600 [INFO] \u26a0\ufe0f Duplicate skipped (in DB): Gangster Rupesh Marne arrested in Pune IT engineer attack case. Rupesh Marne, wh
2025-11-11 02:04:46,654 [INFO] \u26a0\ufe0f Duplicate skipped (in DB): 26/11 handler who taught terrorists Hindi: Abu Jundal’s trial to resume after Bo
2025-11-11 02:04:46,655 [INFO] \U0001f50e Fetching from Google RSS...
2025-11-11 02:04:47,751 [INFO] \u26a0\ufe0f Duplicate skipped (in DB): ‘Faith Is Not a Crime’: Mumbai’s Christians rise against Maharashtra’s proposed 
2025-11-11 02:04:47,805 [INFO] \u26a0\ufe0f Duplicate skipped (in DB): Maharashtra to Link CCTV Cameras with AI for Faster Crime Detection - Mumbai Liv
2025-11-11 02:04:47,819 [INFO] \u26a0\ufe0f Duplicate skipped (in DB): ‘Faith Is Not a Crime’: Mumbai’s Christians rise against Maharashtra’s proposed 
2025-11-11 02:04:47,872 [INFO] \u26a0\ufe0f Duplicate skipped (in DB): Maharashtra to Link CCTV Cameras with AI for Faster Crime Detection - Mumbai Liv
2025-11-11 02:04:47,923 [INFO] \u26a0\ufe0f Duplicate skipped (in DB): Maharashtra: Minor Girl Assaulted in Nanded While Returning From Tuition, Local 
2025-11-11 02:04:47,926 [INFO] \u26a0\ufe0f Duplicate skipped (in DB): Maharashtra: Man stabs wife to death in Thane district, injures himself - Mid-da
2025-11-11 02:04:47,976 [INFO] \u26a0\ufe0f Duplicate skipped (in DB): Maharashtra crime: 16-year-old student brutally stabbed to death in Nagpur | Vid
2025-11-11 02:04:48,023 [INFO] \u26a0\ufe0f Duplicate skipped (in DB): Maharashtra crime: 16-year-old student brutally stabbed to death in Nagpur | Vid
2025-11-11 02:04:48,070 [INFO] \u26a0\ufe0f Duplicate skipped (in DB): Sangli Shock: Man Brutally Murdered by Friends Over Obscene Abuse - lokmattimes.
4, 'lng': 74.5815}
2025-11-11 02:04:48,137 [INFO] \u26a0\ufe0f Duplicate skipped (in DB): Maharashtra expands mobile forensic lab fleet to 59 to speed up crime detection 
2025-11-11 02:04:48,193 [INFO] \u26a0\ufe0f Duplicate skipped (in DB): Call for Chapters: MNLU Mumbai Invites Contributions for Edited Volume on “Bhara
2025-11-11 02:04:48,195 [INFO] \u26a0\ufe0f Duplicate skipped (in DB): Call for Chapters: MNLU Mumbai Invites Contributions for Edited Volume on “Bhara
2025-11-11 02:04:48,251 [INFO] \u26a0\ufe0f Duplicate skipped (in DB): Maharashtra: Rs 1 crore illicit liquor seized in Thane; 2 arrested - Mid-day. <a
2025-11-11 02:04:48,251 [INFO] \u26a0\ufe0f Duplicate skipped (in DB): Maharashtra: Rs 1 crore illicit liquor seized in Thane; 2 arrested - Mid-day. <a
2025-11-11 02:04:48,314 [INFO] \u26a0\ufe0f Duplicate skipped (in DB): Maharashtra shocker: Teenage girl gangraped over five months in Thane district -
2025-11-11 02:04:48,360 [INFO] \u26a0\ufe0f Duplicate skipped (in DB): Maharashtra: Nashik man kills mother out of 'boredom', reaches police station to
2025-11-11 02:04:48,407 [INFO] \u26a0\ufe0f Duplicate skipped (in DB): Maharashtra MARVEL AI: How Police Cracked Nagpur Hit-and-Run in 36 Hours - Decca
2025-11-11 02:04:48,475 [INFO] \u26a0\ufe0f Duplicate skipped (in DB): Maharashtra: 10-year-old girl sexually assaulted by London man with help of her 
2025-11-11 02:04:48,532 [INFO] \u26a0\ufe0f Duplicate skipped (in DB): Maharashtra Crime: CBI Arrests Nashik CGST Superintendent For Accepting \u20b95 Lakh 
2025-11-11 02:04:48,532 [INFO] \u26a0\ufe0f Duplicate skipped (in DB): Maharashtra Crime: CBI Arrests Nashik CGST Superintendent For Accepting \u20b95 Lakh 
2025-11-11 02:04:48,620 [INFO] \u26a0\ufe0f Duplicate skipped (in DB): Pune Crime Files | How police cracked case of Rs 2.2 crore robbery at Bank of Ma
2025-11-11 02:04:48,620 [INFO] \u26a0\ufe0f Duplicate skipped (in DB): Pune Crime Files | How police cracked case of Rs 2.2 crore robbery at Bank of Ma
2025-11-11 02:04:48,676 [INFO] \u26a0\ufe0f Duplicate skipped (in DB): Maharashtra: Two held with Rs 53 lakh drugs after raids in Palghar and Thane - M
2025-11-11 02:04:48,676 [INFO] \u26a0\ufe0f Duplicate skipped (in DB): Maharashtra: Two held with Rs 53 lakh drugs after raids in Palghar and Thane - M
2025-11-11 02:04:48,745 [INFO] \u26a0\ufe0f Duplicate skipped (in DB): Crime News Navi Mumbai: Man Burns Wife Alive Over Affair Suspicion, Arrested - D
2025-11-11 02:04:48,745 [INFO] \u26a0\ufe0f Duplicate skipped (in DB): Crime News Navi Mumbai: Man Burns Wife Alive Over Affair Suspicion, Arrested - D
2025-11-11 02:04:48,796 [INFO] \u26a0\ufe0f Duplicate skipped (in DB): Thane shopkeeper stabbed after refusing to give Rs 50 for Diwali celebrations, o
2025-11-11 02:04:48,797 [INFO] \u26a0\ufe0f Duplicate skipped (in DB): Thane shopkeeper stabbed after refusing to give Rs 50 for Diwali celebrations, o
2025-11-11 02:04:48,856 [INFO] \u26a0\ufe0f Duplicate skipped (in DB): Pune Ranked Lowest in Conviction Rate Among Metros at Just 8.8%; Maharashtra Top
2025-11-11 02:04:48,908 [INFO] \u26a0\ufe0f Duplicate skipped (in DB): Drug trafficker booked under MCOCA for the first time in Maharashtra | Mumbai ne
2025-11-11 02:04:48,960 [INFO] \u26a0\ufe0f Duplicate skipped (in DB): Mumbai crime branch busts fake document racket aiding illegal Bangladeshi immigr
2025-11-11 02:04:48,962 [INFO] \u26a0\ufe0f Duplicate skipped (in DB): Mumbai crime branch busts fake document racket aiding illegal Bangladeshi immigr
2025-11-11 02:04:49,007 [INFO] \u26a0\ufe0f Duplicate skipped (in DB): Maharashtra: Four booked for barging into girl's house, sexually harassing her i
2025-11-11 02:04:49,012 [INFO] \u26a0\ufe0f Duplicate skipped (in DB): Maharashtra: Four booked for barging into girl's house, sexually harassing her i
2025-11-11 02:04:49,062 [INFO] \u26a0\ufe0f Duplicate skipped (in DB): Thane Crime: Depressed Woman Dies by Suicide After Killing 3-Year-Old Niece - De
2025-11-11 02:04:49,110 [INFO] \u26a0\ufe0f Duplicate skipped (in DB): 12 Muslim men jailed for no crime: Owaisi on Mumbai train blasts verdict - India
2025-11-11 02:04:49,163 [INFO] \u26a0\ufe0f Duplicate skipped (in DB): Maharashtra: Mumbai man held for killing uncle in Thane district - Mid-day. <a h
2025-11-11 02:04:49,163 [INFO] \u26a0\ufe0f Duplicate skipped (in DB): Maharashtra: Mumbai man held for killing uncle in Thane district - Mid-day. <a h
2025-11-11 02:04:49,235 [INFO] \u26a0\ufe0f Duplicate skipped (in DB): Boy shot dead in his own basement in Pune's Nanapet, police hunt for killers - I
2025-11-11 02:04:49,238 [INFO] \u2705 Cycle complete — waiting 1 hour before next fetch...

2025-11-11 02:04:49,238 [INFO] \u2705 Cycle complete — waiting 1 hour before next fetch...

2025-11-11 02:04:57,163 [INFO] \u2705 Model & vectorizer loaded successfully.
2025-11-11 02:04:57,168 [INFO] \u2705 Model & vectorizer loaded successfully.
2025-11-11 02:04:57,501 [INFO] \U0001f680 Starting fetch cycle...
2025-11-11 02:04:57,501 [INFO] \U0001f310 Fetching from GNews.io...
2025-11-11 02:04:57,518 [INFO] \U0001f680 Starting fetch cycle...
2025-11-11 02:04:57,518 [INFO] \U0001f310 Fetching from GNews.io...
2025-11-11 02:04:58,826 [INFO] \u26a0\ufe0f Duplicate skipped (in DB): Man Kills Wife In 'Drishyam Style'; Hides Body, Ashes Inside Iron Box. In a shoc
2025-11-11 02:04:58,849 [INFO] \u26a0\ufe0f Duplicate skipped (in DB): Man Kills Wife In 'Drishyam Style'; Hides Body, Ashes Inside Iron Box. In a shoc
2025-11-11 02:04:58,916 [INFO] \u26a0\ufe0f Duplicate skipped (in DB): Maharashtra: Minor Girl Assaulted in Nanded While Returning From Tuition, Local 
2025-11-11 02:04:58,917 [INFO] \u26a0\ufe0f Duplicate skipped (in DB): Maharashtra: Minor Girl Assaulted in Nanded While Returning From Tuition, Local 
2025-11-11 02:04:58,966 [INFO] \u26a0\ufe0f Duplicate skipped (in DB): Sangli: Man Kills Lover Over Money Issue, Dumps Body in River; Police Launch Pro
2025-11-11 02:04:58,974 [INFO] \u26a0\ufe0f Duplicate skipped (in DB): Sangli: Man Kills Lover Over Money Issue, Dumps Body in River; Police Launch Pro
2025-11-11 02:04:59,029 [INFO] \u26a0\ufe0f Duplicate skipped (in DB): Maharashtra Minister Vows Action on Pune Crime Spike. Maharashtra Minister Chand
2025-11-11 02:04:59,029 [INFO] \u26a0\ufe0f Duplicate skipped (in DB): Maharashtra Minister Vows Action on Pune Crime Spike. Maharashtra Minister Chand
2025-11-11 02:04:59,079 [INFO] \u26a0\ufe0f Duplicate skipped (in DB): Pune Crime: Two Self-Proclaimed Journalists Booked For Abusing Woman Constable O
2025-11-11 02:04:59,137 [INFO] \u26a0\ufe0f Duplicate skipped (in DB): 'Felt it was something special': Rajesh Tailang recalls first screening of Delhi
2025-11-11 02:04:59,137 [INFO] \u26a0\ufe0f Duplicate skipped (in DB): 'Felt it was something special': Rajesh Tailang recalls first screening of Delhi
2025-11-11 02:04:59,186 [INFO] \u26a0\ufe0f Duplicate skipped (in DB): Shefali Shah calls 'Delhi Crime' a 'respectful show', Rasika Duggal expresses 'p
2025-11-11 02:04:59,186 [INFO] \u26a0\ufe0f Duplicate skipped (in DB): Shefali Shah calls 'Delhi Crime' a 'respectful show', Rasika Duggal expresses 'p
2025-11-11 02:04:59,232 [INFO] \u26a0\ufe0f Duplicate skipped (in DB): Maharashtra Hindi Update Mumbai Nagpur Pune Education Politics Crime And Other N
2025-11-11 02:04:59,233 [INFO] \U0001f4f0 Fetching from NewsAPI.org...
2025-11-11 02:04:59,715 [INFO] \u26a0\ufe0f Duplicate skipped (in DB): History-sheeter who conned over 100 people by posing as cop arrested at plush re
2025-11-11 02:04:59,765 [INFO] \u26a0\ufe0f Duplicate skipped (in DB): Day after purifying namaz ‘spot’ in Pune’s Shaniwadwada, clamour grows for BJP M
2025-11-11 02:04:59,822 [INFO] \u26a0\ufe0f Duplicate skipped (in DB): 'Yellow storm': OBCs to protest Maharashtra quota. India News: NAGPUR: Thousands
2025-11-11 02:04:59,824 [INFO] \u23ed\ufe0f Skipped recently seen news: Maha man held for cyber fraud in digital arrest case. Panaji: The cyber crime po
2025-11-11 02:04:59,824 [INFO] \u23ed\ufe0f Skipped recently seen news: Panaji senior citizen falls prey to Rs 5 crore investment fraud, Maharashtra man
2025-11-11 02:04:59,882 [INFO] \u26a0\ufe0f Duplicate skipped (in DB): Mumbai: Special MCOCA court acquits four accused in decade old chain snatching c
2025-11-11 02:04:59,931 [INFO] \u26a0\ufe0f Duplicate skipped (in DB): 1st in Thane: MCOCA on 17 in interstate drugs case. Kalyan: Thane police have in
2025-11-11 02:04:59,981 [INFO] \u26a0\ufe0f Duplicate skipped (in DB): Maha saw 1 crime against children case every 23 mins in ’23: NCRB report. Mumbai
2025-11-11 02:05:00,037 [INFO] \u26a0\ufe0f Duplicate skipped (in DB): 26/11 handler who taught terrorists Hindi: Abu Jundal's trial to resume after Bo
2025-11-11 02:05:00,088 [INFO] \u26a0\ufe0f Duplicate skipped (in DB): Mumbai businessman loses Rs 58 crore in 'digital arrest' fraud. A 72-year-old Mu
2025-11-11 02:05:00,146 [INFO] \u26a0\ufe0f Duplicate skipped (in DB): Techie named by woman doctor in suicide note held from Pune, sent to 4-day polic
2025-11-11 02:05:00,192 [INFO] \u26a0\ufe0f Duplicate skipped (in DB): Rs 58 crore digital arrest: Mumbai court rejects claims that bank accounts used 
2025-11-11 02:05:00,250 [INFO] \u26a0\ufe0f Duplicate skipped (in DB): Another policeman attacked in Pune; NCP (SP) MLA Rohit Pawar slams Maharashtra G
2025-11-11 02:05:00,297 [INFO] \u26a0\ufe0f Duplicate skipped (in DB): Pansare murder case | ‘Behind bars for 6-7 yrs, trial may take time to end’: HC 
2025-11-11 02:05:00,360 [INFO] \u26a0\ufe0f Duplicate skipped (in DB): Gangster Rupesh Marne arrested in Pune IT engineer attack case. Rupesh Marne, wh
2025-11-11 02:05:00,423 [INFO] \u26a0\ufe0f Duplicate skipped (in DB): 26/11 handler who taught terrorists Hindi: Abu Jundal’s trial to resume after Bo
2025-11-11 02:05:00,424 [INFO] \U0001f50e Fetching from Google RSS...
2025-11-11 02:05:00,854 [INFO] \u26a0\ufe0f Duplicate skipped (in DB): ‘Faith Is Not a Crime’: Mumbai’s Christians rise against Maharashtra’s proposed 
2025-11-11 02:05:00,881 [INFO] \u26a0\ufe0f Duplicate skipped (in DB): History-sheeter who conned over 100 people by posing as cop arrested at plush re
2025-11-11 02:05:00,916 [INFO] \u26a0\ufe0f Duplicate skipped (in DB): Maharashtra to Link CCTV Cameras with AI for Faster Crime Detection - Mumbai Liv
2025-11-11 02:05:01,020 [INFO] \u26a0\ufe0f Duplicate skipped (in DB): Day after purifying namaz ‘spot’ in Pune’s Shaniwadwada, clamour grows for BJP M
2025-11-11 02:05:01,083 [INFO] \u26a0\ufe0f Duplicate skipped (in DB): Maharashtra: Man stabs wife to death in Thane district, injures himself - Mid-da
2025-11-11 02:05:01,083 [INFO] \u26a0\ufe0f Duplicate skipped (in DB): 'Yellow storm': OBCs to protest Maharashtra quota. India News: NAGPUR: Thousands
2025-11-11 02:05:01,085 [INFO] \u23ed\ufe0f Skipped recently seen news: Maha man held for cyber fraud in digital arrest case. Panaji: The cyber crime po
2025-11-11 02:05:01,085 [INFO] \u23ed\ufe0f Skipped recently seen news: Panaji senior citizen falls prey to Rs 5 crore investment fraud, Maharashtra man
2025-11-11 02:05:01,131 [INFO] \u26a0\ufe0f Duplicate skipped (in DB): Maharashtra crime: 16-year-old student brutally stabbed to death in Nagpur | Vid
2025-11-11 02:05:01,142 [INFO] \u26a0\ufe0f Duplicate skipped (in DB): Mumbai: Special MCOCA court acquits four accused in decade old chain snatching c
2025-11-11 02:05:01,192 [INFO] \u26a0\ufe0f Duplicate skipped (in DB): 1st in Thane: MCOCA on 17 in interstate drugs case. Kalyan: Thane police have in
2025-11-11 02:05:01,192 [INFO] \u26a0\ufe0f Duplicate skipped (in DB): Sangli Shock: Man Brutally Murdered by Friends Over Obscene Abuse - lokmattimes.
2025-11-11 02:05:01,237 [INFO] \u26a0\ufe0f Duplicate skipped (in DB): Maharashtra expands mobile forensic lab fleet to 59 to speed up crime detection 
2025-11-11 02:05:01,237 [INFO] \u26a0\ufe0f Duplicate skipped (in DB): Maha saw 1 crime against children case every 23 mins in ’23: NCRB report. Mumbai
2025-11-11 02:05:01,303 [INFO] \u26a0\ufe0f Duplicate skipped (in DB): 26/11 handler who taught terrorists Hindi: Abu Jundal's trial to resume after Bo
2025-11-11 02:05:01,307 [INFO] \u26a0\ufe0f Duplicate skipped (in DB): Call for Chapters: MNLU Mumbai Invites Contributions for Edited Volume on “Bhara
2025-11-11 02:05:01,359 [INFO] \u26a0\ufe0f Duplicate skipped (in DB): Mumbai businessman loses Rs 58 crore in 'digital arrest' fraud. A 72-year-old Mu
2025-11-11 02:05:01,373 [INFO] \u26a0\ufe0f Duplicate skipped (in DB): Maharashtra: Rs 1 crore illicit liquor seized in Thane; 2 arrested - Mid-day. <a
2025-11-11 02:05:01,424 [INFO] \u26a0\ufe0f Duplicate skipped (in DB): Techie named by woman doctor in suicide note held from Pune, sent to 4-day polic
2025-11-11 02:05:01,440 [INFO] \u26a0\ufe0f Duplicate skipped (in DB): Maharashtra shocker: Teenage girl gangraped over five months in Thane district -
2025-11-11 02:05:01,473 [INFO] \u26a0\ufe0f Duplicate skipped (in DB): Rs 58 crore digital arrest: Mumbai court rejects claims that bank accounts used 
2025-11-11 02:05:01,496 [INFO] \u26a0\ufe0f Duplicate skipped (in DB): Maharashtra: Nashik man kills mother out of 'boredom', reaches police station to
2025-11-11 02:05:01,555 [INFO] \u26a0\ufe0f Duplicate skipped (in DB): Another policeman attacked in Pune; NCP (SP) MLA Rohit Pawar slams Maharashtra G
2025-11-11 02:05:01,603 [INFO] \u26a0\ufe0f Duplicate skipped (in DB): Pansare murder case | ‘Behind bars for 6-7 yrs, trial may take time to end’: HC 
2025-11-11 02:05:01,617 [INFO] \u26a0\ufe0f Duplicate skipped (in DB): Maharashtra: 10-year-old girl sexually assaulted by London man with help of her 
2025-11-11 02:05:01,652 [INFO] \u26a0\ufe0f Duplicate skipped (in DB): Gangster Rupesh Marne arrested in Pune IT engineer attack case. Rupesh Marne, wh
2025-11-11 02:05:01,665 [INFO] \u26a0\ufe0f Duplicate skipped (in DB): Maharashtra Crime: CBI Arrests Nashik CGST Superintendent For Accepting \u20b95 Lakh 
2025-11-11 02:05:01,705 [INFO] \u26a0\ufe0f Duplicate skipped (in DB): 26/11 handler who taught terrorists Hindi: Abu Jundal’s trial to resume after Bo
2025-11-11 02:05:01,706 [INFO] \U0001f50e Fetching from Google RSS...
2025-11-11 02:05:01,710 [INFO] \u26a0\ufe0f Duplicate skipped (in DB): Pune Crime Files | How police cracked case of Rs 2.2 crore robbery at Bank of Ma
2025-11-11 02:05:01,761 [INFO] \u26a0\ufe0f Duplicate skipped (in DB): Maharashtra: Two held with Rs 53 lakh drugs after raids in Palghar and Thane - M
2025-11-11 02:05:01,831 [INFO] \u26a0\ufe0f Duplicate skipped (in DB): Crime News Navi Mumbai: Man Burns Wife Alive Over Affair Suspicion, Arrested - D
2025-11-11 02:05:01,882 [INFO] \u26a0\ufe0f Duplicate skipped (in DB): Thane shopkeeper stabbed after refusing to give Rs 50 for Diwali celebrations, o
2025-11-11 02:05:01,943 [INFO] \u26a0\ufe0f Duplicate skipped (in DB): Pune Ranked Lowest in Conviction Rate Among Metros at Just 8.8%; Maharashtra Top
2025-11-11 02:05:01,996 [INFO] \u26a0\ufe0f Duplicate skipped (in DB): Drug trafficker booked under MCOCA for the first time in Maharashtra | Mumbai ne
2025-11-11 02:05:02,050 [INFO] \u26a0\ufe0f Duplicate skipped (in DB): Mumbai crime branch busts fake document racket aiding illegal Bangladeshi immigr
2025-11-11 02:05:02,105 [INFO] \u26a0\ufe0f Duplicate skipped (in DB): Maharashtra: Four booked for barging into girl's house, sexually harassing her i
2025-11-11 02:05:02,177 [INFO] \u26a0\ufe0f Duplicate skipped (in DB): Thane Crime: Depressed Woman Dies by Suicide After Killing 3-Year-Old Niece - De
2025-11-11 02:05:02,177 [INFO] \u26a0\ufe0f Duplicate skipped (in DB): ‘Faith Is Not a Crime’: Mumbai’s Christians rise against Maharashtra’s proposed 
2025-11-11 02:05:02,272 [INFO] \u26a0\ufe0f Duplicate skipped (in DB): 12 Muslim men jailed for no crime: Owaisi on Mumbai train blasts verdict - India
2025-11-11 02:05:02,321 [INFO] \u26a0\ufe0f Duplicate skipped (in DB): Maharashtra: Minor Girl Assaulted in Nanded While Returning From Tuition, Local 
2025-11-11 02:05:02,386 [INFO] \u26a0\ufe0f Duplicate skipped (in DB): Maharashtra: Man stabs wife to death in Thane district, injures himself - Mid-da
2025-11-11 02:05:02,389 [INFO] \u2705 Cycle complete — waiting 1 hour before next fetch...

2025-11-11 02:05:02,435 [INFO] \u26a0\ufe0f Duplicate skipped (in DB): Maharashtra crime: 16-year-old student brutally stabbed to death in Nagpur | Vid
2025-11-11 02:05:02,485 [INFO] \u26a0\ufe0f Duplicate skipped (in DB): Sangli Shock: Man Brutally Murdered by Friends Over Obscene Abuse - lokmattimes.
2025-11-11 02:05:02,545 [INFO] \u26a0\ufe0f Duplicate skipped (in DB): Maharashtra expands mobile forensic lab fleet to 59 to speed up crime detection 
2025-11-11 02:05:02,610 [INFO] \u26a0\ufe0f Duplicate skipped (in DB): Call for Chapters: MNLU Mumbai Invites Contributions for Edited Volume on “Bhara
2025-11-11 02:05:02,663 [INFO] \u26a0\ufe0f Duplicate skipped (in DB): Maharashtra: Rs 1 crore illicit liquor seized in Thane; 2 arrested - Mid-day. <a
2025-11-11 02:05:02,727 [INFO] \u26a0\ufe0f Duplicate skipped (in DB): Maharashtra shocker: Teenage girl gangraped over five months in Thane district -
2025-11-11 02:05:02,787 [INFO] \u26a0\ufe0f Duplicate skipped (in DB): Maharashtra: Nashik man kills mother out of 'boredom', reaches police station to
2025-11-11 02:05:02,835 [INFO] \u26a0\ufe0f Duplicate skipped (in DB): Maharashtra MARVEL AI: How Police Cracked Nagpur Hit-and-Run in 36 Hours - Decca
2025-11-11 02:05:02,905 [INFO] \u26a0\ufe0f Duplicate skipped (in DB): Maharashtra: 10-year-old girl sexually assaulted by London man with help of her 
2025-11-11 02:05:02,955 [INFO] \u26a0\ufe0f Duplicate skipped (in DB): Maharashtra Crime: CBI Arrests Nashik CGST Superintendent For Accepting \u20b95 Lakh 
2025-11-11 02:05:03,007 [INFO] \u26a0\ufe0f Duplicate skipped (in DB): Pune Crime Files | How police cracked case of Rs 2.2 crore robbery at Bank of Ma
2025-11-11 02:05:03,062 [INFO] \u26a0\ufe0f Duplicate skipped (in DB): Maharashtra: Two held with Rs 53 lakh drugs after raids in Palghar and Thane - M
2025-11-11 02:05:03,116 [INFO] \u26a0\ufe0f Duplicate skipped (in DB): Crime News Navi Mumbai: Man Burns Wife Alive Over Affair Suspicion, Arrested - D
2025-11-11 02:05:03,166 [INFO] \u26a0\ufe0f Duplicate skipped (in DB): Thane shopkeeper stabbed after refusing to give Rs 50 for Diwali celebrations, o
2025-11-11 02:05:03,217 [INFO] \u26a0\ufe0f Duplicate skipped (in DB): Pune Ranked Lowest in Conviction Rate Among Metros at Just 8.8%; Maharashtra Top
2025-11-11 02:05:03,274 [INFO] \u26a0\ufe0f Duplicate skipped (in DB): Drug trafficker booked under MCOCA for the first time in Maharashtra | Mumbai ne
2025-11-11 02:05:03,337 [INFO] \u26a0\ufe0f Duplicate skipped (in DB): Mumbai crime branch busts fake document racket aiding illegal Bangladeshi immigr
2025-11-11 02:05:03,398 [INFO] \u26a0\ufe0f Duplicate skipped (in DB): Maharashtra: Four booked for barging into girl's house, sexually harassing her i
2025-11-11 02:05:03,457 [INFO] \u26a0\ufe0f Duplicate skipped (in DB): Thane Crime: Depressed Woman Dies by Suicide After Killing 3-Year-Old Niece - De
2025-11-11 02:05:03,530 [INFO] \u26a0\ufe0f Duplicate skipped (in DB): 12 Muslim men jailed for no crime: Owaisi on Mumbai train blasts verdict - India
2025-11-11 02:05:03,576 [INFO] \u26a0\ufe0f Duplicate skipped (in DB): Maharashtra: Mumbai man held for killing uncle in Thane district - Mid-day. <a h
2025-11-11 02:05:03,626 [INFO] \u26a0\ufe0f Duplicate skipped (in DB): Boy shot dead in his own basement in Pune's Nanapet, police hunt for killers - I
2025-11-11 02:05:03,630 [INFO] \u2705 Cycle complete — waiting 1 hour before next fetch...

2025-11-11 02:13:14,654 [INFO] \u2705 Model & vectorizer loaded successfully.
2025-11-11 02:13:15,426 [INFO] \U0001f680 Starting fetch cycle...
2025-11-11 02:13:15,426 [INFO] \U0001f310 Fetching from GNews.io...
2025-11-11 02:13:16,860 [INFO] \u26a0\ufe0f Duplicate skipped (in DB): Man Kills Wife In 'Drishyam Style'; Hides Body, Ashes Inside Iron Box. In a shoc
2025-11-11 02:13:16,915 [INFO] \u26a0\ufe0f Duplicate skipped (in DB): Maharashtra: Minor Girl Assaulted in Nanded While Returning From Tuition, Local 
2025-11-11 02:13:16,969 [INFO] \u26a0\ufe0f Duplicate skipped (in DB): Sangli: Man Kills Lover Over Money Issue, Dumps Body in River; Police Launch Pro
2025-11-11 02:13:17,019 [INFO] \u26a0\ufe0f Duplicate skipped (in DB): Maharashtra Minister Vows Action on Pune Crime Spike. Maharashtra Minister Chand
2025-11-11 02:13:17,073 [INFO] \u26a0\ufe0f Duplicate skipped (in DB): Pune Crime: Two Self-Proclaimed Journalists Booked For Abusing Woman Constable O
2025-11-11 02:13:17,125 [INFO] \u26a0\ufe0f Duplicate skipped (in DB): 'Felt it was something special': Rajesh Tailang recalls first screening of Delhi
2025-11-11 02:13:17,181 [INFO] \u26a0\ufe0f Duplicate skipped (in DB): Shefali Shah calls 'Delhi Crime' a 'respectful show', Rasika Duggal expresses 'p
2025-11-11 02:13:17,234 [INFO] \u26a0\ufe0f Duplicate skipped (in DB): Maharashtra Hindi Update Mumbai Nagpur Pune Education Politics Crime And Other N
2025-11-11 02:13:17,235 [INFO] \U0001f4f0 Fetching from NewsAPI.org...
2025-11-11 02:13:18,276 [INFO] \u26a0\ufe0f Duplicate skipped (in DB): History-sheeter who conned over 100 people by posing as cop arrested at plush re
2025-11-11 02:13:18,329 [INFO] \u26a0\ufe0f Duplicate skipped (in DB): Day after purifying namaz ‘spot’ in Pune’s Shaniwadwada, clamour grows for BJP M
2025-11-11 02:13:18,382 [INFO] \u26a0\ufe0f Duplicate skipped (in DB): 'Yellow storm': OBCs to protest Maharashtra quota. India News: NAGPUR: Thousands
2025-11-11 02:13:18,385 [INFO] \u23ed\ufe0f Skipped recently seen news: Maha man held for cyber fraud in digital arrest case. Panaji: The cyber crime po
2025-11-11 02:13:18,385 [INFO] \u23ed\ufe0f Skipped recently seen news: Panaji senior citizen falls prey to Rs 5 crore investment fraud, Maharashtra man
2025-11-11 02:13:18,452 [INFO] \u26a0\ufe0f Duplicate skipped (in DB): Mumbai: Special MCOCA court acquits four accused in decade old chain snatching c
2025-11-11 02:13:18,523 [INFO] \u26a0\ufe0f Duplicate skipped (in DB): 1st in Thane: MCOCA on 17 in interstate drugs case. Kalyan: Thane police have in
2025-11-11 02:13:18,573 [INFO] \u26a0\ufe0f Duplicate skipped (in DB): Maha saw 1 crime against children case every 23 mins in ’23: NCRB report. Mumbai
2025-11-11 02:13:18,633 [INFO] \u26a0\ufe0f Duplicate skipped (in DB): 26/11 handler who taught terrorists Hindi: Abu Jundal's trial to resume after Bo
2025-11-11 02:13:18,697 [INFO] \u26a0\ufe0f Duplicate skipped (in DB): Mumbai businessman loses Rs 58 crore in 'digital arrest' fraud. A 72-year-old Mu
2025-11-11 02:13:18,753 [INFO] \u26a0\ufe0f Duplicate skipped (in DB): Techie named by woman doctor in suicide note held from Pune, sent to 4-day polic
2025-11-11 02:13:18,819 [INFO] \u26a0\ufe0f Duplicate skipped (in DB): Rs 58 crore digital arrest: Mumbai court rejects claims that bank accounts used 
2025-11-11 02:13:18,867 [INFO] \u26a0\ufe0f Duplicate skipped (in DB): Another policeman attacked in Pune; NCP (SP) MLA Rohit Pawar slams Maharashtra G
2025-11-11 02:13:18,925 [INFO] \u26a0\ufe0f Duplicate skipped (in DB): Pansare murder case | ‘Behind bars for 6-7 yrs, trial may take time to end’: HC 
2025-11-11 02:13:18,985 [INFO] \u26a0\ufe0f Duplicate skipped (in DB): Gangster Rupesh Marne arrested in Pune IT engineer attack case. Rupesh Marne, wh
2025-11-11 02:13:19,053 [INFO] \u26a0\ufe0f Duplicate skipped (in DB): 26/11 handler who taught terrorists Hindi: Abu Jundal’s trial to resume after Bo
2025-11-11 02:13:19,053 [INFO] \U0001f50e Fetching from Google RSS...
2025-11-11 02:13:20,570 [INFO] \u26a0\ufe0f Duplicate skipped (in DB): ‘Faith Is Not a Crime’: Mumbai’s Christians rise against Maharashtra’s proposed 
2025-11-11 02:13:20,648 [INFO] \u26a0\ufe0f Duplicate skipped (in DB): Maharashtra to Link CCTV Cameras with AI for Faster Crime Detection - Mumbai Liv
2025-11-11 02:13:20,701 [INFO] \u26a0\ufe0f Duplicate skipped (in DB): Maharashtra: Minor Girl Assaulted in Nanded While Returning From Tuition, Local 
2025-11-11 02:13:20,758 [INFO] \u26a0\ufe0f Duplicate skipped (in DB): Maharashtra: Man stabs wife to death in Thane district, injures himself - Mid-da
2025-11-11 02:13:20,815 [INFO] \u26a0\ufe0f Duplicate skipped (in DB): Maharashtra crime: 16-year-old student brutally stabbed to death in Nagpur | Vid
2025-11-11 02:13:20,866 [INFO] \u26a0\ufe0f Duplicate skipped (in DB): Maharashtra expands mobile forensic lab fleet to 59 to speed up crime detection 
2025-11-11 02:13:20,936 [INFO] \u26a0\ufe0f Duplicate skipped (in DB): Call for Chapters: MNLU Mumbai Invites Contributions for Edited Volume on “Bhara
2025-11-11 02:13:20,997 [INFO] \u26a0\ufe0f Duplicate skipped (in DB): Maharashtra: Rs 1 crore illicit liquor seized in Thane; 2 arrested - Mid-day. <a
2025-11-11 02:13:21,059 [INFO] \u26a0\ufe0f Duplicate skipped (in DB): Maharashtra shocker: Teenage girl gangraped over five months in Thane district -
2025-11-11 02:13:21,112 [INFO] \u26a0\ufe0f Duplicate skipped (in DB): Maharashtra: Nashik man kills mother out of 'boredom', reaches police station to
2025-11-11 02:13:21,162 [INFO] \u26a0\ufe0f Duplicate skipped (in DB): Maharashtra MARVEL AI: How Police Cracked Nagpur Hit-and-Run in 36 Hours - Decca
2025-11-11 02:13:21,223 [INFO] \u26a0\ufe0f Duplicate skipped (in DB): Maharashtra: 10-year-old girl sexually assaulted by London man with help of her 
2025-11-11 02:13:21,271 [INFO] \u26a0\ufe0f Duplicate skipped (in DB): Maharashtra Crime: CBI Arrests Nashik CGST Superintendent For Accepting \u20b95 Lakh 
2025-11-11 02:13:21,353 [INFO] \u26a0\ufe0f Duplicate skipped (in DB): Pune Crime Files | How police cracked case of Rs 2.2 crore robbery at Bank of Ma
2025-11-11 02:13:21,425 [INFO] \u26a0\ufe0f Duplicate skipped (in DB): Maharashtra: Two held with Rs 53 lakh drugs after raids in Palghar and Thane - M
2025-11-11 02:13:21,496 [INFO] \u26a0\ufe0f Duplicate skipped (in DB): Crime News Navi Mumbai: Man Burns Wife Alive Over Affair Suspicion, Arrested - D
2025-11-11 02:13:21,555 [INFO] \u26a0\ufe0f Duplicate skipped (in DB): Thane shopkeeper stabbed after refusing to give Rs 50 for Diwali celebrations, o
2025-11-11 02:13:21,621 [INFO] \u26a0\ufe0f Duplicate skipped (in DB): Pune Ranked Lowest in Conviction Rate Among Metros at Just 8.8%; Maharashtra Top
2025-11-11 02:13:21,679 [INFO] \u26a0\ufe0f Duplicate skipped (in DB): Drug trafficker booked under MCOCA for the first time in Maharashtra | Mumbai ne
2025-11-11 02:13:21,744 [INFO] \u26a0\ufe0f Duplicate skipped (in DB): Mumbai crime branch busts fake document racket aiding illegal Bangladeshi immigr
2025-11-11 02:13:21,797 [INFO] \u26a0\ufe0f Duplicate skipped (in DB): Maharashtra: Four booked for barging into girl's house, sexually harassing her i
2025-11-11 02:13:21,888 [INFO] \u26a0\ufe0f Duplicate skipped (in DB): Thane Crime: Depressed Woman Dies by Suicide After Killing 3-Year-Old Niece - De
2025-11-11 02:13:21,942 [INFO] \u26a0\ufe0f Duplicate skipped (in DB): 12 Muslim men jailed for no crime: Owaisi on Mumbai train blasts verdict - India
2025-11-11 02:13:21,992 [INFO] \u26a0\ufe0f Duplicate skipped (in DB): Maharashtra: Mumbai man held for killing uncle in Thane district - Mid-day. <a h
2025-11-11 02:13:22,056 [INFO] \u26a0\ufe0f Duplicate skipped (in DB): Boy shot dead in his own basement in Pune's Nanapet, police hunt for killers - I
2025-11-11 02:13:22,111 [INFO] \u26a0\ufe0f Duplicate skipped (in DB): Nashik Police Academy Updates Curriculum After 50 Years, Adding AI Training For 
2025-11-11 02:13:22,112 [INFO] \u2705 Cycle complete — waiting 1 hour before next fetch...

2025-11-11 02:14:55,209 [INFO] \u2705 Model & vectorizer loaded successfully.
2025-11-11 02:14:55,977 [INFO] \U0001f680 Starting fetch cycle...
2025-11-11 02:14:55,977 [INFO] \U0001f310 Fetching from GNews.io...
2025-11-11 02:14:57,317 [INFO] \u26a0\ufe0f Duplicate skipped (in DB): Man Kills Wife In 'Drishyam Style'; Hides Body, Ashes Inside Iron Box. In a shoc
2025-11-11 02:14:57,368 [INFO] \u26a0\ufe0f Duplicate skipped (in DB): Maharashtra: Minor Girl Assaulted in Nanded While Returning From Tuition, Local 
2025-11-11 02:14:57,427 [INFO] \u26a0\ufe0f Duplicate skipped (in DB): Sangli: Man Kills Lover Over Money Issue, Dumps Body in River; Police Launch Pro
2025-11-11 02:14:57,492 [INFO] \u26a0\ufe0f Duplicate skipped (in DB): Maharashtra Minister Vows Action on Pune Crime Spike. Maharashtra Minister Chand
2025-11-11 02:14:57,546 [INFO] \u26a0\ufe0f Duplicate skipped (in DB): Pune Crime: Two Self-Proclaimed Journalists Booked For Abusing Woman Constable O
2025-11-11 02:14:57,594 [INFO] \u26a0\ufe0f Duplicate skipped (in DB): 'Felt it was something special': Rajesh Tailang recalls first screening of Delhi
2025-11-11 02:14:57,652 [INFO] \u26a0\ufe0f Duplicate skipped (in DB): Shefali Shah calls 'Delhi Crime' a 'respectful show', Rasika Duggal expresses 'p
2025-11-11 02:14:57,709 [INFO] \u26a0\ufe0f Duplicate skipped (in DB): Maharashtra Hindi Update Mumbai Nagpur Pune Education Politics Crime And Other N
2025-11-11 02:14:57,710 [INFO] \U0001f4f0 Fetching from NewsAPI.org...
2025-11-11 02:14:58,408 [INFO] \u26a0\ufe0f Duplicate skipped (in DB): History-sheeter who conned over 100 people by posing as cop arrested at plush re
2025-11-11 02:14:58,475 [INFO] \u26a0\ufe0f Duplicate skipped (in DB): Day after purifying namaz ‘spot’ in Pune’s Shaniwadwada, clamour grows for BJP M
2025-11-11 02:14:58,525 [INFO] \u26a0\ufe0f Duplicate skipped (in DB): 'Yellow storm': OBCs to protest Maharashtra quota. India News: NAGPUR: Thousands
2025-11-11 02:14:58,526 [INFO] \u23ed\ufe0f Skipped recently seen news: Maha man held for cyber fraud in digital arrest case. Panaji: The cyber crime po
2025-11-11 02:14:58,527 [INFO] \u23ed\ufe0f Skipped recently seen news: Panaji senior citizen falls prey to Rs 5 crore investment fraud, Maharashtra man
2025-11-11 02:14:58,584 [INFO] \u26a0\ufe0f Duplicate skipped (in DB): Mumbai: Special MCOCA court acquits four accused in decade old chain snatching c
2025-11-11 02:14:58,639 [INFO] \u26a0\ufe0f Duplicate skipped (in DB): 1st in Thane: MCOCA on 17 in interstate drugs case. Kalyan: Thane police have in
2025-11-11 02:14:58,703 [INFO] \u26a0\ufe0f Duplicate skipped (in DB): Maha saw 1 crime against children case every 23 mins in ’23: NCRB report. Mumbai
2025-11-11 02:14:58,758 [INFO] \u26a0\ufe0f Duplicate skipped (in DB): 26/11 handler who taught terrorists Hindi: Abu Jundal's trial to resume after Bo
2025-11-11 02:14:58,812 [INFO] \u26a0\ufe0f Duplicate skipped (in DB): Mumbai businessman loses Rs 58 crore in 'digital arrest' fraud. A 72-year-old Mu
2025-11-11 02:14:58,905 [INFO] \u26a0\ufe0f Duplicate skipped (in DB): Techie named by woman doctor in suicide note held from Pune, sent to 4-day polic
2025-11-11 02:14:58,959 [INFO] \u26a0\ufe0f Duplicate skipped (in DB): Rs 58 crore digital arrest: Mumbai court rejects claims that bank accounts used 
2025-11-11 02:14:59,018 [INFO] \u26a0\ufe0f Duplicate skipped (in DB): Another policeman attacked in Pune; NCP (SP) MLA Rohit Pawar slams Maharashtra G
2025-11-11 02:14:59,073 [INFO] \u26a0\ufe0f Duplicate skipped (in DB): Pansare murder case | ‘Behind bars for 6-7 yrs, trial may take time to end’: HC 
2025-11-11 02:14:59,127 [INFO] \u26a0\ufe0f Duplicate skipped (in DB): Gangster Rupesh Marne arrested in Pune IT engineer attack case. Rupesh Marne, wh
2025-11-11 02:14:59,189 [INFO] \u26a0\ufe0f Duplicate skipped (in DB): 26/11 handler who taught terrorists Hindi: Abu Jundal’s trial to resume after Bo
2025-11-11 02:14:59,190 [INFO] \U0001f50e Fetching from Google RSS...
2025-11-11 02:14:59,694 [INFO] \u26a0\ufe0f Duplicate skipped (in DB): ‘Faith Is Not a Crime’: Mumbai’s Christians rise against Maharashtra’s proposed 
2025-11-11 02:14:59,756 [INFO] \u26a0\ufe0f Duplicate skipped (in DB): Maharashtra to Link CCTV Cameras with AI for Faster Crime Detection - Mumbai Liv
2025-11-11 02:14:59,808 [INFO] \u26a0\ufe0f Duplicate skipped (in DB): Maharashtra: Minor Girl Assaulted in Nanded While Returning From Tuition, Local 
2025-11-11 02:14:59,875 [INFO] \u26a0\ufe0f Duplicate skipped (in DB): Maharashtra: Man stabs wife to death in Thane district, injures himself - Mid-da
2025-11-11 02:14:59,946 [INFO] \u26a0\ufe0f Duplicate skipped (in DB): Maharashtra crime: 16-year-old student brutally stabbed to death in Nagpur | Vid
2025-11-11 02:15:00,032 [INFO] \u26a0\ufe0f Duplicate skipped (in DB): Maharashtra expands mobile forensic lab fleet to 59 to speed up crime detection 
2025-11-11 02:15:00,095 [INFO] \u26a0\ufe0f Duplicate skipped (in DB): Call for Chapters: MNLU Mumbai Invites Contributions for Edited Volume on “Bhara
2025-11-11 02:15:00,145 [INFO] \u26a0\ufe0f Duplicate skipped (in DB): Maharashtra: Rs 1 crore illicit liquor seized in Thane; 2 arrested - Mid-day. <a
2025-11-11 02:15:00,206 [INFO] \u26a0\ufe0f Duplicate skipped (in DB): Maharashtra shocker: Teenage girl gangraped over five months in Thane district -
2025-11-11 02:15:00,260 [INFO] \u26a0\ufe0f Duplicate skipped (in DB): Maharashtra: Nashik man kills mother out of 'boredom', reaches police station to
2025-11-11 02:15:00,315 [INFO] \u26a0\ufe0f Duplicate skipped (in DB): Maharashtra MARVEL AI: How Police Cracked Nagpur Hit-and-Run in 36 Hours - Decca
2025-11-11 02:15:00,384 [INFO] \u26a0\ufe0f Duplicate skipped (in DB): Maharashtra: 10-year-old girl sexually assaulted by London man with help of her 
2025-11-11 02:15:00,449 [INFO] \u26a0\ufe0f Duplicate skipped (in DB): Maharashtra Crime: CBI Arrests Nashik CGST Superintendent For Accepting \u20b95 Lakh 
2025-11-11 02:15:00,506 [INFO] \u26a0\ufe0f Duplicate skipped (in DB): Pune Crime Files | How police cracked case of Rs 2.2 crore robbery at Bank of Ma
2025-11-11 02:15:00,561 [INFO] \u26a0\ufe0f Duplicate skipped (in DB): Maharashtra: Two held with Rs 53 lakh drugs after raids in Palghar and Thane - M
2025-11-11 02:15:00,617 [INFO] \u26a0\ufe0f Duplicate skipped (in DB): Crime News Navi Mumbai: Man Burns Wife Alive Over Affair Suspicion, Arrested - D
2025-11-11 02:15:00,670 [INFO] \u26a0\ufe0f Duplicate skipped (in DB): Thane shopkeeper stabbed after refusing to give Rs 50 for Diwali celebrations, o
2025-11-11 02:15:00,741 [INFO] \u26a0\ufe0f Duplicate skipped (in DB): Pune Ranked Lowest in Conviction Rate Among Metros at Just 8.8%; Maharashtra Top
2025-11-11 02:15:00,794 [INFO] \u26a0\ufe0f Duplicate skipped (in DB): Drug trafficker booked under MCOCA for the first time in Maharashtra | Mumbai ne
2025-11-11 02:15:00,872 [INFO] \u26a0\ufe0f Duplicate skipped (in DB): Mumbai crime branch busts fake document racket aiding illegal Bangladeshi immigr
2025-11-11 02:15:00,926 [INFO] \u26a0\ufe0f Duplicate skipped (in DB): Maharashtra: Four booked for barging into girl's house, sexually harassing her i
2025-11-11 02:15:00,981 [INFO] \u26a0\ufe0f Duplicate skipped (in DB): Thane Crime: Depressed Woman Dies by Suicide After Killing 3-Year-Old Niece - De
2025-11-11 02:15:01,036 [INFO] \u26a0\ufe0f Duplicate skipped (in DB): 12 Muslim men jailed for no crime: Owaisi on Mumbai train blasts verdict - India
2025-11-11 02:15:01,090 [INFO] \u26a0\ufe0f Duplicate skipped (in DB): Maharashtra: Mumbai man held for killing uncle in Thane district - Mid-day. <a h
2025-11-11 02:15:01,154 [INFO] \u26a0\ufe0f Duplicate skipped (in DB): Boy shot dead in his own basement in Pune's Nanapet, police hunt for killers - I
2025-11-11 02:15:01,207 [INFO] \u26a0\ufe0f Duplicate skipped (in DB): Nashik Police Academy Updates Curriculum After 50 Years, Adding AI Training For 
2025-11-11 02:15:01,208 [INFO] \u2705 Cycle complete — waiting 1 hour before next fetch...

